\BOOKMARK [1][-]{section.1}{Question 1}{}% 1
\BOOKMARK [1][-]{section.2}{Question 2}{}% 2
\BOOKMARK [2][-]{subsection.2.1}{Part a}{section.2}% 3
\BOOKMARK [2][-]{subsection.2.2}{Part b}{section.2}% 4
\BOOKMARK [2][-]{subsection.2.3}{Part c}{section.2}% 5
\BOOKMARK [2][-]{subsection.2.4}{Part d}{section.2}% 6
\BOOKMARK [2][-]{subsection.2.5}{Part e}{section.2}% 7
\BOOKMARK [2][-]{subsection.2.6}{Part f}{section.2}% 8
\BOOKMARK [1][-]{section.3}{Question 3}{}% 9
\BOOKMARK [2][-]{subsection.3.1}{Part a}{section.3}% 10
\BOOKMARK [2][-]{subsection.3.2}{Part b}{section.3}% 11
\BOOKMARK [1][-]{section.4}{Question 4}{}% 12
\BOOKMARK [2][-]{subsection.4.1}{Part a}{section.4}% 13
\BOOKMARK [2][-]{subsection.4.2}{Part b}{section.4}% 14
\BOOKMARK [1][-]{section.5}{Question 5}{}% 15
\BOOKMARK [2][-]{subsection.5.1}{Part a}{section.5}% 16
\BOOKMARK [2][-]{subsection.5.2}{Part b}{section.5}% 17
\BOOKMARK [2][-]{subsection.5.3}{Part c}{section.5}% 18
\BOOKMARK [1][-]{section.6}{Question 6}{}% 19
\BOOKMARK [2][-]{subsection.6.1}{Part a}{section.6}% 20
\BOOKMARK [2][-]{subsection.6.2}{Part b}{section.6}% 21
\BOOKMARK [2][-]{subsection.6.3}{Part c}{section.6}% 22
\BOOKMARK [2][-]{subsection.6.4}{Part d}{section.6}% 23
\BOOKMARK [2][-]{subsection.6.5}{Part e}{section.6}% 24
\BOOKMARK [1][-]{section.7}{Question 7}{}% 25
\BOOKMARK [1][-]{section.8}{Question 8}{}% 26
\BOOKMARK [2][-]{subsection.8.1}{Part a}{section.8}% 27
\BOOKMARK [2][-]{subsection.8.2}{Part b}{section.8}% 28
\BOOKMARK [1][-]{section.9}{Question 9}{}% 29
\BOOKMARK [2][-]{subsection.9.1}{Part a}{section.9}% 30
\BOOKMARK [2][-]{subsection.9.2}{Part b}{section.9}% 31
\BOOKMARK [1][-]{section.10}{Question 10}{}% 32
\BOOKMARK [2][-]{subsection.10.1}{Part a}{section.10}% 33
\BOOKMARK [2][-]{subsection.10.2}{Part b}{section.10}% 34
